Commit 1 on Sat Apr 18 01:13:56 UTC 2026
Commit 2 on Sat Apr 18 01:19:49 UTC 2026
Commit 1 on Sun Apr 19 01:23:16 UTC 2026
Commit 2 on Sun Apr 19 01:26:16 UTC 2026
Commit 3 on Sun Apr 19 01:29:06 UTC 2026
Commit 4 on Sun Apr 19 01:31:57 UTC 2026
Commit 1 on Mon Apr 20 01:23:07 UTC 2026
Commit 2 on Mon Apr 20 01:30:39 UTC 2026
Commit 3 on Mon Apr 20 01:32:31 UTC 2026
Commit 4 on Mon Apr 20 01:35:23 UTC 2026
Commit 1 on Tue Apr 21 01:20:11 UTC 2026
Commit 2 on Tue Apr 21 01:20:35 UTC 2026
Commit 3 on Tue Apr 21 01:28:38 UTC 2026
Commit 4 on Tue Apr 21 01:29:16 UTC 2026
Commit 5 on Tue Apr 21 01:30:19 UTC 2026
Commit 6 on Tue Apr 21 01:35:55 UTC 2026
Commit 7 on Tue Apr 21 01:40:43 UTC 2026
Commit 8 on Tue Apr 21 01:46:08 UTC 2026
Commit 1 on Wed Apr 22 01:18:40 UTC 2026
Commit 2 on Wed Apr 22 01:25:32 UTC 2026
Commit 3 on Wed Apr 22 01:25:42 UTC 2026
Commit 4 on Wed Apr 22 01:34:21 UTC 2026
Commit 1 on Thu Apr 23 01:23:46 UTC 2026
Commit 2 on Thu Apr 23 01:33:39 UTC 2026
Commit 1 on Fri Apr 24 01:23:23 UTC 2026
Commit 2 on Fri Apr 24 01:30:48 UTC 2026
Commit 3 on Fri Apr 24 01:35:40 UTC 2026
Commit 4 on Fri Apr 24 01:36:21 UTC 2026
Commit 1 on Sat Apr 25 01:16:33 UTC 2026
Commit 2 on Sat Apr 25 01:23:11 UTC 2026
Commit 3 on Sat Apr 25 01:23:25 UTC 2026
Commit 4 on Sat Apr 25 01:31:08 UTC 2026
Commit 1 on Sun Apr 26 01:25:49 UTC 2026
Commit 2 on Sun Apr 26 01:26:51 UTC 2026
Commit 3 on Sun Apr 26 01:32:34 UTC 2026
Commit 4 on Sun Apr 26 01:34:40 UTC 2026
Commit 5 on Sun Apr 26 01:34:43 UTC 2026
Commit 6 on Sun Apr 26 01:37:40 UTC 2026
Commit 7 on Sun Apr 26 01:40:25 UTC 2026
Commit 8 on Sun Apr 26 01:44:13 UTC 2026
Commit 1 on Mon Apr 27 01:26:38 UTC 2026
Commit 2 on Mon Apr 27 01:34:09 UTC 2026
Commit 3 on Mon Apr 27 01:40:19 UTC 2026
Commit 4 on Mon Apr 27 01:46:58 UTC 2026
Commit 1 on Tue Apr 28 01:45:57 UTC 2026
Commit 2 on Tue Apr 28 01:49:47 UTC 2026
Commit 1 on Wed Apr 29 01:49:02 UTC 2026
Commit 2 on Wed Apr 29 01:50:25 UTC 2026
Commit 3 on Wed Apr 29 01:50:48 UTC 2026
Commit 4 on Wed Apr 29 01:53:15 UTC 2026
Commit 1 on Thu Apr 30 01:47:56 UTC 2026
Commit 2 on Thu Apr 30 01:49:49 UTC 2026
Commit 3 on Thu Apr 30 01:53:04 UTC 2026
Commit 4 on Thu Apr 30 01:53:48 UTC 2026
Commit 5 on Thu Apr 30 01:59:59 UTC 2026
Commit 6 on Thu Apr 30 02:01:58 UTC 2026
Commit 7 on Thu Apr 30 02:09:51 UTC 2026
Commit 8 on Thu Apr 30 02:19:22 UTC 2026
Commit 1 on Fri May  1 01:50:44 UTC 2026
Commit 2 on Fri May  1 01:51:07 UTC 2026
Commit 3 on Fri May  1 01:54:48 UTC 2026
Commit 4 on Fri May  1 01:58:20 UTC 2026
Commit 5 on Fri May  1 02:03:32 UTC 2026
Commit 6 on Fri May  1 02:11:55 UTC 2026
Commit 7 on Fri May  1 02:20:03 UTC 2026
Commit 8 on Fri May  1 02:29:50 UTC 2026
Commit 1 on Sat May  2 01:28:08 UTC 2026
Commit 2 on Sat May  2 01:34:26 UTC 2026
Commit 3 on Sat May  2 01:44:23 UTC 2026
Commit 4 on Sat May  2 01:51:09 UTC 2026
Commit 5 on Sat May  2 01:56:07 UTC 2026
Commit 6 on Sat May  2 02:04:25 UTC 2026
Commit 7 on Sat May  2 02:13:13 UTC 2026
Commit 8 on Sat May  2 02:14:02 UTC 2026
Commit 1 on Sun May  3 01:43:51 UTC 2026
Commit 2 on Sun May  3 01:43:54 UTC 2026
Commit 3 on Sun May  3 01:50:05 UTC 2026
Commit 4 on Sun May  3 01:58:11 UTC 2026
Commit 5 on Sun May  3 01:59:40 UTC 2026
Commit 6 on Sun May  3 02:07:04 UTC 2026
Commit 7 on Sun May  3 02:07:30 UTC 2026
Commit 8 on Sun May  3 02:14:32 UTC 2026
Commit 1 on Mon May  4 01:44:19 UTC 2026
Commit 2 on Mon May  4 01:50:19 UTC 2026
Commit 1 on Tue May  5 01:44:23 UTC 2026
Commit 2 on Tue May  5 01:46:00 UTC 2026
Commit 3 on Tue May  5 01:52:10 UTC 2026
Commit 4 on Tue May  5 01:59:59 UTC 2026
Commit 1 on Wed May  6 01:29:24 UTC 2026
Commit 2 on Wed May  6 01:34:53 UTC 2026
Commit 3 on Wed May  6 01:37:50 UTC 2026
Commit 4 on Wed May  6 01:42:26 UTC 2026
Commit 1 on Thu May  7 01:47:43 UTC 2026
Commit 2 on Thu May  7 01:54:50 UTC 2026
Commit 3 on Thu May  7 01:58:59 UTC 2026
Commit 4 on Thu May  7 01:59:29 UTC 2026
Commit 1 on Fri May  8 01:50:48 UTC 2026
Commit 2 on Fri May  8 01:59:38 UTC 2026
Commit 1 on Sat May  9 01:46:26 UTC 2026
Commit 2 on Sat May  9 01:51:57 UTC 2026
Commit 3 on Sat May  9 02:01:33 UTC 2026
Commit 4 on Sat May  9 02:06:23 UTC 2026
Commit 5 on Sat May  9 02:11:11 UTC 2026
Commit 6 on Sat May  9 02:14:51 UTC 2026
Commit 7 on Sat May  9 02:17:17 UTC 2026
Commit 8 on Sat May  9 02:18:54 UTC 2026
Commit 1 on Sun May 10 01:47:15 UTC 2026
Commit 2 on Sun May 10 01:51:20 UTC 2026
Commit 3 on Sun May 10 01:54:41 UTC 2026
Commit 4 on Sun May 10 01:59:24 UTC 2026
Commit 1 on Mon May 11 01:54:38 UTC 2026
Commit 2 on Mon May 11 02:01:23 UTC 2026
Commit 1 on Tue May 12 01:50:31 UTC 2026
Commit 2 on Tue May 12 01:54:52 UTC 2026
Commit 3 on Tue May 12 01:58:02 UTC 2026
Commit 4 on Tue May 12 02:06:17 UTC 2026
Commit 5 on Tue May 12 02:14:16 UTC 2026
Commit 6 on Tue May 12 02:20:36 UTC 2026
Commit 7 on Tue May 12 02:23:19 UTC 2026
Commit 8 on Tue May 12 02:32:21 UTC 2026
Commit 1 on Wed May 13 01:55:07 UTC 2026
Commit 2 on Wed May 13 01:59:28 UTC 2026
Commit 1 on Thu May 14 01:57:31 UTC 2026
Commit 2 on Thu May 14 02:01:57 UTC 2026
Commit 3 on Thu May 14 02:10:12 UTC 2026
Commit 4 on Thu May 14 02:18:56 UTC 2026
Commit 5 on Thu May 14 02:23:07 UTC 2026
Commit 6 on Thu May 14 02:26:00 UTC 2026
Commit 7 on Thu May 14 02:29:02 UTC 2026
Commit 8 on Thu May 14 02:38:43 UTC 2026
Commit 1 on Fri May 15 01:55:51 UTC 2026
Commit 2 on Fri May 15 02:02:05 UTC 2026
Commit 3 on Fri May 15 02:09:36 UTC 2026
Commit 4 on Fri May 15 02:14:48 UTC 2026
Commit 1 on Sat May 16 01:49:30 UTC 2026
Commit 2 on Sat May 16 01:56:23 UTC 2026
Commit 3 on Sat May 16 02:03:00 UTC 2026
Commit 4 on Sat May 16 02:09:08 UTC 2026
Commit 1 on Sun May 17 01:52:26 UTC 2026
Commit 2 on Sun May 17 01:55:59 UTC 2026
Commit 1 on Mon May 18 02:02:48 UTC 2026
Commit 2 on Mon May 18 02:03:30 UTC 2026
Commit 3 on Mon May 18 02:08:46 UTC 2026
Commit 4 on Mon May 18 02:17:21 UTC 2026
Commit 1 on Tue May 19 02:02:41 UTC 2026
Commit 2 on Tue May 19 02:08:36 UTC 2026
Commit 3 on Tue May 19 02:09:51 UTC 2026
Commit 4 on Tue May 19 02:17:39 UTC 2026
Commit 5 on Tue May 19 02:21:21 UTC 2026
Commit 6 on Tue May 19 02:27:31 UTC 2026
Commit 7 on Tue May 19 02:28:13 UTC 2026
Commit 8 on Tue May 19 02:29:17 UTC 2026
Commit 1 on Wed May 20 02:01:30 UTC 2026
Commit 2 on Wed May 20 02:04:47 UTC 2026
Commit 1 on Thu May 21 02:00:54 UTC 2026
Commit 2 on Thu May 21 02:03:41 UTC 2026
Commit 3 on Thu May 21 02:04:34 UTC 2026
Commit 4 on Thu May 21 02:10:24 UTC 2026
Commit 1 on Fri May 22 02:02:53 UTC 2026
Commit 2 on Fri May 22 02:11:30 UTC 2026
Commit 1 on Sat May 23 01:52:50 UTC 2026
Commit 2 on Sat May 23 02:00:44 UTC 2026
Commit 3 on Sat May 23 02:01:45 UTC 2026
Commit 4 on Sat May 23 02:10:19 UTC 2026
Commit 1 on Sun May 24 01:59:39 UTC 2026
Commit 2 on Sun May 24 02:03:37 UTC 2026
Commit 3 on Sun May 24 02:06:14 UTC 2026
Commit 4 on Sun May 24 02:07:33 UTC 2026
Commit 5 on Sun May 24 02:11:31 UTC 2026
Commit 6 on Sun May 24 02:20:45 UTC 2026
Commit 7 on Sun May 24 02:30:44 UTC 2026
Commit 8 on Sun May 24 02:32:05 UTC 2026
Commit 1 on Mon May 25 02:07:04 UTC 2026
Commit 2 on Mon May 25 02:09:41 UTC 2026
Commit 1 on Tue May 26 01:57:47 UTC 2026
Commit 2 on Tue May 26 02:00:06 UTC 2026
Commit 3 on Tue May 26 02:09:52 UTC 2026
Commit 4 on Tue May 26 02:18:01 UTC 2026
Commit 5 on Tue May 26 02:24:20 UTC 2026
Commit 6 on Tue May 26 02:26:24 UTC 2026
Commit 7 on Tue May 26 02:32:16 UTC 2026
Commit 8 on Tue May 26 02:37:19 UTC 2026
Commit 1 on Wed May 27 02:06:57 UTC 2026
Commit 2 on Wed May 27 02:14:17 UTC 2026
Commit 3 on Wed May 27 02:20:50 UTC 2026
Commit 4 on Wed May 27 02:21:18 UTC 2026
Commit 1 on Thu May 28 01:50:05 UTC 2026
Commit 2 on Thu May 28 01:57:01 UTC 2026
Commit 1 on Fri May 29 01:58:58 UTC 2026
Commit 2 on Fri May 29 02:06:38 UTC 2026
Commit 3 on Fri May 29 02:12:03 UTC 2026
Commit 4 on Fri May 29 02:20:04 UTC 2026
Commit 1 on Sat May 30 01:53:56 UTC 2026
Commit 2 on Sat May 30 02:00:16 UTC 2026
Commit 1 on Sun May 31 02:08:09 UTC 2026
Commit 2 on Sun May 31 02:09:55 UTC 2026
Commit 1 on Mon Jun  1 04:16:43 UTC 2026
Commit 2 on Mon Jun  1 04:18:38 UTC 2026
Commit 3 on Mon Jun  1 04:22:18 UTC 2026
Commit 4 on Mon Jun  1 04:31:45 UTC 2026
Commit 5 on Mon Jun  1 04:39:29 UTC 2026
Commit 6 on Mon Jun  1 04:43:53 UTC 2026
Commit 7 on Mon Jun  1 04:52:16 UTC 2026
Commit 8 on Mon Jun  1 04:57:02 UTC 2026
Commit 1 on Tue Jun  2 04:10:05 UTC 2026
Commit 2 on Tue Jun  2 04:12:37 UTC 2026
Commit 3 on Tue Jun  2 04:15:33 UTC 2026
Commit 4 on Tue Jun  2 04:18:47 UTC 2026
Commit 1 on Wed Jun  3 04:19:57 UTC 2026
Commit 2 on Wed Jun  3 04:26:09 UTC 2026
Commit 3 on Wed Jun  3 04:35:02 UTC 2026
Commit 4 on Wed Jun  3 04:37:25 UTC 2026
Commit 1 on Thu Jun  4 04:14:07 UTC 2026
Commit 2 on Thu Jun  4 04:14:54 UTC 2026
Commit 1 on Fri Jun  5 03:58:20 UTC 2026
Commit 2 on Fri Jun  5 04:01:06 UTC 2026
Commit 3 on Fri Jun  5 04:08:35 UTC 2026
Commit 4 on Fri Jun  5 04:13:03 UTC 2026
Commit 1 on Sat Jun  6 03:40:12 UTC 2026
Commit 2 on Sat Jun  6 03:46:16 UTC 2026
Commit 3 on Sat Jun  6 03:46:54 UTC 2026
Commit 4 on Sat Jun  6 03:50:03 UTC 2026
Commit 1 on Mon Jun  8 04:12:09 UTC 2026
Commit 2 on Mon Jun  8 04:12:45 UTC 2026
Commit 3 on Mon Jun  8 04:13:47 UTC 2026
Commit 4 on Mon Jun  8 04:15:19 UTC 2026
Commit 5 on Mon Jun  8 04:16:49 UTC 2026
Commit 6 on Mon Jun  8 04:26:11 UTC 2026
Commit 7 on Mon Jun  8 04:27:41 UTC 2026
Commit 8 on Mon Jun  8 04:35:33 UTC 2026
Commit 1 on Tue Jun  9 03:41:07 UTC 2026
Commit 2 on Tue Jun  9 03:42:42 UTC 2026
Commit 1 on Wed Jun 10 03:55:18 UTC 2026
Commit 2 on Wed Jun 10 03:57:27 UTC 2026
Commit 3 on Wed Jun 10 04:03:38 UTC 2026
Commit 4 on Wed Jun 10 04:12:22 UTC 2026
Commit 1 on Thu Jun 11 04:08:52 UTC 2026
Commit 2 on Thu Jun 11 04:15:22 UTC 2026
Commit 3 on Thu Jun 11 04:19:48 UTC 2026
Commit 4 on Thu Jun 11 04:25:16 UTC 2026
Commit 5 on Thu Jun 11 04:33:16 UTC 2026
Commit 6 on Thu Jun 11 04:41:21 UTC 2026
